[debug] [2025-10-18T04:37:06.725Z] ----------------------------------------------------------------------
[debug] [2025-10-18T04:37:06.731Z] Command:       C:\Program Files\nodejs\node.exe C:\Users\ACER\AppData\Roaming\npm\node_modules\firebase-tools\lib\bin\firebase.js projects:list --json
[debug] [2025-10-18T04:37:06.731Z] CLI Version:   13.27.0
[debug] [2025-10-18T04:37:06.731Z] Platform:      win32
[debug] [2025-10-18T04:37:06.731Z] Node Version:  v22.17.1
[debug] [2025-10-18T04:37:06.732Z] Time:          Fri Oct 17 2025 23:37:06 GMT-0500 (hora estándar de Perú)
[debug] [2025-10-18T04:37:06.732Z] ----------------------------------------------------------------------
[debug] 
[debug] [2025-10-18T04:37:06.735Z] >>> [apiv2][query] GET https://firebase-public.firebaseio.com/cli.json [none]
[debug] [2025-10-18T04:37:06.800Z] > command requires scopes: ["email","openid","https://www.googleapis.com/auth/cloudplatformprojects.readonly","https://www.googleapis.com/auth/firebase","https://www.googleapis.com/auth/cloud-platform"]
[debug] [2025-10-18T04:37:06.800Z] > authorizing via signed-in user (aldhaircrisostomo15@gmail.com)
[debug] [2025-10-18T04:37:06.803Z] Checked if tokens are valid: false, expires at: 1733323065282
[debug] [2025-10-18T04:37:06.803Z] Checked if tokens are valid: false, expires at: 1733323065282
[debug] [2025-10-18T04:37:06.804Z] > refreshing access token with scopes: []
[debug] [2025-10-18T04:37:06.805Z] >>> [apiv2][query] POST https://www.googleapis.com/oauth2/v3/token [none]
[debug] [2025-10-18T04:37:06.805Z] >>> [apiv2][body] POST https://www.googleapis.com/oauth2/v3/token [omitted]
[debug] [2025-10-18T04:37:07.317Z] <<< [apiv2][status] GET https://firebase-public.firebaseio.com/cli.json 200
[debug] [2025-10-18T04:37:07.318Z] <<< [apiv2][body] GET https://firebase-public.firebaseio.com/cli.json {"cloudBuildErrorAfter":1594252800000,"cloudBuildWarnAfter":1590019200000,"defaultNode10After":1594252800000,"minVersion":"3.0.5","node8DeploysDisabledAfter":1613390400000,"node8RuntimeDisabledAfter":1615809600000,"node8WarnAfter":1600128000000}
[debug] [2025-10-18T04:37:07.551Z] <<< [apiv2][status] POST https://www.googleapis.com/oauth2/v3/token 400
[debug] [2025-10-18T04:37:07.552Z] <<< [apiv2][body] POST https://www.googleapis.com/oauth2/v3/token [omitted]
[debug] [2025-10-18T04:37:07.553Z] >>> [apiv2][query] GET https://firebase.googleapis.com/v1beta1/projects pageSize=1000
[debug] [2025-10-18T04:37:08.042Z] <<< [apiv2][status] GET https://firebase.googleapis.com/v1beta1/projects 401
[debug] [2025-10-18T04:37:08.043Z] <<< [apiv2][body] GET https://firebase.googleapis.com/v1beta1/projects [omitted]
[debug] [2025-10-18T04:37:08.043Z] Got a 401 Unauthenticated error for a call that required authentication. Refreshing tokens.
[debug] [2025-10-18T04:37:08.043Z] Checked if tokens are valid: false, expires at: 1733323065282
[debug] [2025-10-18T04:37:08.043Z] Checked if tokens are valid: false, expires at: 1733323065282
[debug] [2025-10-18T04:37:08.043Z] > refreshing access token with scopes: []
[debug] [2025-10-18T04:37:08.044Z] >>> [apiv2][query] POST https://www.googleapis.com/oauth2/v3/token [none]
[debug] [2025-10-18T04:37:08.044Z] >>> [apiv2][body] POST https://www.googleapis.com/oauth2/v3/token [omitted]
[debug] [2025-10-18T04:37:08.298Z] <<< [apiv2][status] POST https://www.googleapis.com/oauth2/v3/token 400
[debug] [2025-10-18T04:37:08.299Z] <<< [apiv2][body] POST https://www.googleapis.com/oauth2/v3/token [omitted]
[debug] [2025-10-18T04:37:08.299Z] Request to https://firebase.googleapis.com/v1beta1/projects?pageSize=1000 had HTTP Error: 401, Request had invalid authentication credentials. Expected OAuth 2 access token, login cookie or other valid authentication credential. See https://developers.google.com/identity/sign-in/web/devconsole-project.
[debug] [2025-10-18T04:37:08.314Z] FirebaseError: Request to https://firebase.googleapis.com/v1beta1/projects?pageSize=1000 had HTTP Error: 401, Request had invalid authentication credentials. Expected OAuth 2 access token, login cookie or other valid authentication credential. See https://developers.google.com/identity/sign-in/web/devconsole-project.
    at responseToError (C:\Users\ACER\AppData\Roaming\npm\node_modules\firebase-tools\lib\responseToError.js:52:12)
    at RetryOperation._fn (C:\Users\ACER\AppData\Roaming\npm\node_modules\firebase-tools\lib\apiv2.js:312:77)
    at process.processTicksAndRejections (node:internal/process/task_queues:105:5)
[error] 
[error] Error: Failed to list Firebase projects. See firebase-debug.log for more info.
